<?xml version="1.0" encoding="UTF-8"?>
<testng-results skipped="0" failed="0" ignored="0" total="1" passed="1">
  <reporter-output>
  </reporter-output>
  <suite name="Default suite" duration-ms="12709" started-at="2018-08-25T10:33:19Z" finished-at="2018-08-25T10:33:31Z">
    <groups>
    </groups>
    <test name="Default test" duration-ms="12709" started-at="2018-08-25T10:33:19Z" finished-at="2018-08-25T10:33:31Z">
      <class name="testScripts.Test1">
        <test-method status="PASS" signature="launchBrowser()[pri:0, instance:testScripts.Test1@77caeb3e]" name="launchBrowser" is-config="true" duration-ms="11625" started-at="2018-08-25T10:33:19Z" finished-at="2018-08-25T10:33:30Z">
          <reporter-output>
          </reporter-output>
        </test-method> <!-- launchBrowser -->
        <test-method status="PASS" signature="testGoogle()[pri:0, instance:testScripts.Test1@77caeb3e]" name="testGoogle" duration-ms="20" started-at="2018-08-25T10:33:30Z" finished-at="2018-08-25T10:33:30Z">
          <reporter-output>
          </reporter-output>
        </test-method> <!-- testGoogle -->
        <test-method status="PASS" signature="closeBrowser()[pri:0, instance:testScripts.Test1@77caeb3e]" name="closeBrowser" is-config="true" duration-ms="1043" started-at="2018-08-25T10:33:30Z" finished-at="2018-08-25T10:33:31Z">
          <reporter-output>
          </reporter-output>
        </test-method> <!-- closeBrowser -->
      </class> <!-- testScripts.Test1 -->
    </test> <!-- Default test -->
  </suite> <!-- Default suite -->
</testng-results>
